<?xml version="1.0" encoding="UTF-8"?>
<TestRun id="5e0cac47-9569-4ea9-96b9-1a71f155aedc" name="BC_Programming@TERATRON 2011-05-10 04:58:48" runUser="TERATRON\BC_Programming" xmlns="http://microsoft.com/schemas/VisualStudio/TeamTest/2006">
  <TestRunConfiguration name="Local Test Run" id="a23eb23f-c60a-4200-b6ee-a3fda6880aaf">
    <Description>This is a default test run configuration for a local test run.</Description>
    <Deployment runDeploymentRoot="C:\Users\BC_Programming\Documents\Visual Studio 2008\Projects\BASeBlocks\BBlocktests\bin\Debug\TestResults\BC_Programming_TERATRON 2011-05-10 04_58_48" />
    <TestTypeSpecific />
  </TestRunConfiguration>
  <ResultSummary outcome="Failed">
    <Counters total="1" executed="1" error="0" failed="1" timeout="0" aborted="0" inconclusive="0" passedButRunAborted="0" notRunnable="0" notExecuted="0" disconnected="0" warning="0" passed="0" completed="0" inProgress="0" pending="0" />
  </ResultSummary>
  <Times creation="2011-05-10T04:58:48.7431526-07:00" queuing="2011-05-10T04:58:49.6212029-07:00" start="2011-05-10T04:58:49.7172083-07:00" finish="2011-05-10T04:58:55.1155171-07:00" />
  <TestDefinitions>
    <UnitTest name="testserializeTriggers" storage="c:\users\bc_programming\documents\visual studio 2008\projects\baseblocks\bblocktests\bin\debug\bblocktests.dll" id="6d68b797-173d-dff5-f219-a59bdbab2081">
      <Css projectStructure="" iteration="" />
      <Execution timeOut="1800000" id="28f06477-2551-45b8-9caa-b98b743c79c2" />
      <Owners>
        <Owner name="" />
      </Owners>
      <TestMethod codeBase="C:/Users/BC_Programming/Documents/Visual Studio 2008/Projects/BASeBlocks/BBlocktests/bin/Debug/BBlocktests.DLL" adapterTypeName="Microsoft.VisualStudio.TestTools.TestTypes.Unit.UnitTestAdapter, Microsoft.VisualStudio.QualityTools.Tips.UnitTest.Adapter" className="BBlocktests.BBlocktests, BBlocktests, Version=1.0.0.0, Culture=neutral, PublicKeyToken=null" name="testserializeTriggers" />
    </UnitTest>
  </TestDefinitions>
  <TestLists>
    <TestList name="Results Not in a List" id="8c84fa94-04c1-424b-9868-57a2d4851a1d" />
    <TestList name="All Loaded Results" id="19431567-8539-422a-85d7-44ee4e166bda" />
  </TestLists>
  <TestEntries>
    <TestEntry testId="6d68b797-173d-dff5-f219-a59bdbab2081" executionId="28f06477-2551-45b8-9caa-b98b743c79c2" testListId="8c84fa94-04c1-424b-9868-57a2d4851a1d" />
  </TestEntries>
  <Results>
    <UnitTestResult executionId="28f06477-2551-45b8-9caa-b98b743c79c2" testId="6d68b797-173d-dff5-f219-a59bdbab2081" testName="testserializeTriggers" computerName="TERATRON" duration="00:00:05.1435458" startTime="2011-05-10T04:58:49.8122138-07:00" endTime="2011-05-10T04:58:55.0685144-07:00" testType="13cdc9d9-ddb5-4fa4-a97d-d965ccfc6d4b" outcome="Failed" testListId="8c84fa94-04c1-424b-9868-57a2d4851a1d">
      <Output>
        <ErrorInfo>
          <Message>Test method BBlocktests.BBlocktests.testserializeTriggers threw exception:  System.NullReferenceException: Object reference not set to an instance of an object..</Message>
          <StackTrace>    at BASeBlock.BlockTrigger.set_OwnerBlock(Block value) in C:\Users\BC_Programming\Documents\Visual Studio 2008\Projects\BASeBlocks\Poing2\Triggers.cs:line 212
   at BASeBlock.BlockTrigger..ctor(Int32 pID, TimeSpan pTriggerDelay, Block blockowner) in C:\Users\BC_Programming\Documents\Visual Studio 2008\Projects\BASeBlocks\Poing2\Triggers.cs:line 167
   at BBlocktests.BBlocktests.testserializeTriggers() in C:\Users\BC_Programming\Documents\Visual Studio 2008\Projects\BASeBlocks\BBlocktests\BBlocktests.cs:line 91
</StackTrace>
        </ErrorInfo>
      </Output>
    </UnitTestResult>
  </Results>
</TestRun>