<?xml version="1.0" encoding="UTF-8"?>
<TestRun id="2961034f-27c6-4001-918c-b986045095f5" name="BC_Programming@TERATRON 2012-05-13 16:33:17" runUser="TERATRON\BC_Programming" xmlns="http://microsoft.com/schemas/VisualStudio/TeamTest/2006">
  <TestRunConfiguration name="Local Test Run" id="a23eb23f-c60a-4200-b6ee-a3fda6880aaf">
    <Description>This is a default test run configuration for a local test run.</Description>
    <Deployment runDeploymentRoot="C:\Users\BC_Programming\Documents\Visual Studio 2008\Projects\BASeBlocks\BBlocktests\bin\Debug\TestResults\BC_Programming_TERATRON 2012-05-13 16_33_17" />
    <TestTypeSpecific />
  </TestRunConfiguration>
  <ResultSummary outcome="Completed">
    <Counters total="1" executed="1" passed="1" error="0" failed="0" timeout="0" aborted="0" inconclusive="0" passedButRunAborted="0" notRunnable="0" notExecuted="0" disconnected="0" warning="0" completed="0" inProgress="0" pending="0" />
  </ResultSummary>
  <Times creation="2012-05-13T16:33:17.5884848-07:00" queuing="2012-05-13T16:33:18.0975139-07:00" start="2012-05-13T16:33:18.1765184-07:00" finish="2012-05-13T16:33:18.3995312-07:00" />
  <TestDefinitions>
    <UnitTest name="TestBlockSerialization" storage="c:\users\bc_programming\documents\visual studio 2008\projects\baseblocks\bblocktests\bin\debug\bblocktests.dll" id="c8632bed-55b8-55e4-fde6-a24e7e61e126">
      <Css projectStructure="" iteration="" />
      <Execution timeOut="1800000" id="6060a145-a0e9-44ab-84c6-7f4e71b83c92" />
      <Owners>
        <Owner name="" />
      </Owners>
      <TestMethod codeBase="C:/Users/BC_Programming/Documents/Visual Studio 2008/Projects/BASeBlocks/BBlocktests/bin/Debug/BBlocktests.DLL" adapterTypeName="Microsoft.VisualStudio.TestTools.TestTypes.Unit.UnitTestAdapter, Microsoft.VisualStudio.QualityTools.Tips.UnitTest.Adapter" className="BBlocktests.BBlocktests, BBlocktests, Version=1.0.0.0, Culture=neutral, PublicKeyToken=null" name="TestBlockSerialization" />
    </UnitTest>
  </TestDefinitions>
  <TestLists>
    <TestList name="Results Not in a List" id="8c84fa94-04c1-424b-9868-57a2d4851a1d" />
    <TestList name="All Loaded Results" id="19431567-8539-422a-85d7-44ee4e166bda" />
  </TestLists>
  <TestEntries>
    <TestEntry testId="c8632bed-55b8-55e4-fde6-a24e7e61e126" executionId="6060a145-a0e9-44ab-84c6-7f4e71b83c92" testListId="8c84fa94-04c1-424b-9868-57a2d4851a1d" />
  </TestEntries>
  <Results>
    <UnitTestResult executionId="6060a145-a0e9-44ab-84c6-7f4e71b83c92" testId="c8632bed-55b8-55e4-fde6-a24e7e61e126" testName="TestBlockSerialization" computerName="TERATRON" duration="00:00:00.0832146" startTime="2012-05-13T16:33:18.2175208-07:00" endTime="2012-05-13T16:33:18.3605289-07:00" testType="13cdc9d9-ddb5-4fa4-a97d-d965ccfc6d4b" outcome="Passed" testListId="8c84fa94-04c1-424b-9868-57a2d4851a1d">
      <Output>
        <StdOut>Acquired Block types. Count=0</StdOut>
      </Output>
    </UnitTestResult>
  </Results>
</TestRun>