<?xml version="1.0" encoding="UTF-8"?>
<TestRun id="75b592e3-90a7-4c39-8e5a-54ea76da1cf5" name="BC_Programming@TERATRON 2011-04-20 11:22:20" runUser="TERATRON\BC_Programming" xmlns="http://microsoft.com/schemas/VisualStudio/TeamTest/2006">
  <TestRunConfiguration name="Local Test Run" id="a23eb23f-c60a-4200-b6ee-a3fda6880aaf">
    <Description>This is a default test run configuration for a local test run.</Description>
    <Deployment runDeploymentRoot="C:\Users\BC_Programming\Documents\Visual Studio 2008\Projects\BASeBlocks\BBlocktests\bin\Debug\TestResults\BC_Programming_TERATRON 2011-04-20 11_22_20" />
    <TestTypeSpecific />
  </TestRunConfiguration>
  <ResultSummary outcome="Completed">
    <Counters total="1" executed="1" passed="1" error="0" failed="0" timeout="0" aborted="0" inconclusive="0" passedButRunAborted="0" notRunnable="0" notExecuted="0" disconnected="0" warning="0" completed="0" inProgress="0" pending="0" />
  </ResultSummary>
  <Times creation="2011-04-20T11:22:20.6575039-07:00" queuing="2011-04-20T11:22:21.3305424-07:00" start="2011-04-20T11:22:21.4085468-07:00" finish="2011-04-20T11:23:13.4315224-07:00" />
  <TestDefinitions>
    <UnitTest name="TestFormatSize" storage="c:\users\bc_programming\documents\visual studio 2008\projects\baseblocks\bblocktests\bin\debug\bblocktests.dll" id="58bcc49e-6a7e-db33-9a7d-01dd0fd10633">
      <Css projectStructure="" iteration="" />
      <Execution timeOut="1800000" id="02c49c46-07a5-4781-a304-97537bde045f" />
      <Owners>
        <Owner name="" />
      </Owners>
      <TestMethod codeBase="C:/Users/BC_Programming/Documents/Visual Studio 2008/Projects/BASeBlocks/BBlocktests/bin/Debug/BBlocktests.DLL" adapterTypeName="Microsoft.VisualStudio.TestTools.TestTypes.Unit.UnitTestAdapter, Microsoft.VisualStudio.QualityTools.Tips.UnitTest.Adapter" className="BBlocktests.BBlocktests, BBlocktests, Version=1.0.0.0, Culture=neutral, PublicKeyToken=null" name="TestFormatSize" />
    </UnitTest>
  </TestDefinitions>
  <TestLists>
    <TestList name="Results Not in a List" id="8c84fa94-04c1-424b-9868-57a2d4851a1d" />
    <TestList name="All Loaded Results" id="19431567-8539-422a-85d7-44ee4e166bda" />
  </TestLists>
  <TestEntries>
    <TestEntry testId="58bcc49e-6a7e-db33-9a7d-01dd0fd10633" executionId="02c49c46-07a5-4781-a304-97537bde045f" testListId="8c84fa94-04c1-424b-9868-57a2d4851a1d" />
  </TestEntries>
  <Results>
    <UnitTestResult executionId="02c49c46-07a5-4781-a304-97537bde045f" testId="58bcc49e-6a7e-db33-9a7d-01dd0fd10633" testName="TestFormatSize" computerName="TERATRON" duration="00:00:51.8398381" startTime="2011-04-20T11:22:21.4825511-07:00" endTime="2011-04-20T11:23:13.3845197-07:00" testType="13cdc9d9-ddb5-4fa4-a97d-d965ccfc6d4b" outcome="Passed" testListId="8c84fa94-04c1-424b-9868-57a2d4851a1d">
      <Output>
        <StdOut>FormatSize Test...
Value=38945345 formatted:37.14 MB
Value=48953 formatted:47.81 KB
Value=8293 formatted:8.10 KB
Value=920342 formatted:898.77 KB
using FormatSizes...
System.String[]</StdOut>
      </Output>
    </UnitTestResult>
  </Results>
</TestRun>