<?xml version="1.0" encoding="UTF-8"?>
<TestRun id="2347826f-9e37-4010-af73-362f864c107d" name="BC_Programming@TERATRON 2010-11-24 13:53:57" runUser="TERATRON\BC_Programming" xmlns="http://microsoft.com/schemas/VisualStudio/TeamTest/2006">
  <TestRunConfiguration name="Local Test Run" id="a23eb23f-c60a-4200-b6ee-a3fda6880aaf">
    <Description>This is a default test run configuration for a local test run.</Description>
    <Deployment runDeploymentRoot="C:\Users\BC_Programming\Documents\Visual Studio 2008\Projects\BASeBlocks\BBlocktests\bin\Debug\TestResults\BC_Programming_TERATRON 2010-11-24 13_53_57" />
    <TestTypeSpecific />
  </TestRunConfiguration>
  <ResultSummary outcome="Failed">
    <Counters total="1" executed="1" error="0" failed="1" timeout="0" aborted="0" inconclusive="0" passedButRunAborted="0" notRunnable="0" notExecuted="0" disconnected="0" warning="0" passed="0" completed="0" inProgress="0" pending="0" />
  </ResultSummary>
  <Times creation="2010-11-24T13:53:57.3592778-08:00" queuing="2010-11-24T13:53:57.9823135-08:00" start="2010-11-24T13:53:58.0593179-08:00" finish="2010-11-24T13:54:18.5004870-08:00" />
  <TestDefinitions>
    <UnitTest name="TestLocalHighScores" storage="c:\users\bc_programming\documents\visual studio 2008\projects\baseblocks\bblocktests\bin\debug\bblocktests.dll" id="84f114cb-7134-b2bb-24b7-d28c6c2a8e2a">
      <Css projectStructure="" iteration="" />
      <Execution timeOut="1800000" id="baa7f2c1-4f27-435d-8556-35948bb360c0" />
      <Owners>
        <Owner name="" />
      </Owners>
      <TestMethod codeBase="C:/Users/BC_Programming/Documents/Visual Studio 2008/Projects/BASeBlocks/BBlocktests/bin/Debug/BBlocktests.DLL" adapterTypeName="Microsoft.VisualStudio.TestTools.TestTypes.Unit.UnitTestAdapter, Microsoft.VisualStudio.QualityTools.Tips.UnitTest.Adapter" className="BBlocktests.BBlocktests, BBlocktests, Version=1.0.0.0, Culture=neutral, PublicKeyToken=null" name="TestLocalHighScores" />
    </UnitTest>
  </TestDefinitions>
  <TestLists>
    <TestList name="Results Not in a List" id="8c84fa94-04c1-424b-9868-57a2d4851a1d" />
    <TestList name="All Loaded Results" id="19431567-8539-422a-85d7-44ee4e166bda" />
  </TestLists>
  <TestEntries>
    <TestEntry testId="84f114cb-7134-b2bb-24b7-d28c6c2a8e2a" executionId="baa7f2c1-4f27-435d-8556-35948bb360c0" testListId="8c84fa94-04c1-424b-9868-57a2d4851a1d" />
  </TestEntries>
  <Results>
    <UnitTestResult executionId="baa7f2c1-4f27-435d-8556-35948bb360c0" testId="84f114cb-7134-b2bb-24b7-d28c6c2a8e2a" testName="TestLocalHighScores" computerName="TERATRON" duration="00:00:20.2508874" startTime="2010-11-24T13:53:58.1073206-08:00" endTime="2010-11-24T13:54:18.4494841-08:00" testType="13cdc9d9-ddb5-4fa4-a97d-d965ccfc6d4b" outcome="Failed" testListId="8c84fa94-04c1-424b-9868-57a2d4851a1d">
      <Output>
        <DebugTrace>Loading Scores from http://bc-programming.com/HighScore/HighScores.php?action=simpleview&amp;gameID=2
</DebugTrace>
        <ErrorInfo>
          <Message>Test method BBlocktests.BBlocktests.TestLocalHighScores threw exception:  System.Net.WebException: The remote server returned an error: (404) Not Found..</Message>
          <StackTrace>    at System.Net.WebClient.OpenRead(Uri address)
   at System.Net.WebClient.OpenRead(String address)
   at bcHighScores.NetHighScores.GetURL(String urlload) in C:\Users\BC_Programming\Documents\Visual Studio 2008\Projects\BASeBlocks\Poing2\HiScores.cs:line 284
   at bcHighScores.NetHighScores.loadScores(Int32 GameID) in C:\Users\BC_Programming\Documents\Visual Studio 2008\Projects\BASeBlocks\Poing2\HiScores.cs:line 302
   at bcHighScores.NetHighScores..ctor(Int32 GameID) in C:\Users\BC_Programming\Documents\Visual Studio 2008\Projects\BASeBlocks\Poing2\HiScores.cs:line 324
   at BBlocktests.BBlocktests.TestLocalHighScores() in C:\Users\BC_Programming\Documents\Visual Studio 2008\Projects\BASeBlocks\BBlocktests\BBlocktests.cs:line 82
</StackTrace>
        </ErrorInfo>
      </Output>
    </UnitTestResult>
  </Results>
</TestRun>