<?xml version="1.0" encoding="UTF-8"?>
<TestRun id="fe2b915d-482f-4933-8522-8d8bed371dea" name="BC_Programming@TERATRON 2011-04-20 11:17:13" runUser="TERATRON\BC_Programming" xmlns="http://microsoft.com/schemas/VisualStudio/TeamTest/2006">
  <TestRunConfiguration name="Local Test Run" id="a23eb23f-c60a-4200-b6ee-a3fda6880aaf">
    <Description>This is a default test run configuration for a local test run.</Description>
    <Deployment runDeploymentRoot="C:\Users\BC_Programming\Documents\Visual Studio 2008\Projects\BASeBlocks\BBlocktests\bin\Debug\TestResults\BC_Programming_TERATRON 2011-04-20 11_17_13" />
    <TestTypeSpecific />
  </TestRunConfiguration>
  <ResultSummary outcome="Completed">
    <Counters total="1" executed="1" passed="1" error="0" failed="0" timeout="0" aborted="0" inconclusive="0" passedButRunAborted="0" notRunnable="0" notExecuted="0" disconnected="0" warning="0" completed="0" inProgress="0" pending="0" />
  </ResultSummary>
  <Times creation="2011-04-20T11:17:13.1259141-07:00" queuing="2011-04-20T11:17:13.9939637-07:00" start="2011-04-20T11:17:14.0719682-07:00" finish="2011-04-20T11:17:14.3359833-07:00" />
  <TestDefinitions>
    <UnitTest name="TestFormatSize" storage="c:\users\bc_programming\documents\visual studio 2008\projects\baseblocks\bblocktests\bin\debug\bblocktests.dll" id="58bcc49e-6a7e-db33-9a7d-01dd0fd10633">
      <Css projectStructure="" iteration="" />
      <Execution timeOut="1800000" id="fd2f497f-9eab-457a-b85f-b364ff2b6b31" />
      <Owners>
        <Owner name="" />
      </Owners>
      <TestMethod codeBase="C:/Users/BC_Programming/Documents/Visual Studio 2008/Projects/BASeBlocks/BBlocktests/bin/Debug/BBlocktests.DLL" adapterTypeName="Microsoft.VisualStudio.TestTools.TestTypes.Unit.UnitTestAdapter, Microsoft.VisualStudio.QualityTools.Tips.UnitTest.Adapter" className="BBlocktests.BBlocktests, BBlocktests, Version=1.0.0.0, Culture=neutral, PublicKeyToken=null" name="TestFormatSize" />
    </UnitTest>
  </TestDefinitions>
  <TestLists>
    <TestList name="Results Not in a List" id="8c84fa94-04c1-424b-9868-57a2d4851a1d" />
    <TestList name="All Loaded Results" id="19431567-8539-422a-85d7-44ee4e166bda" />
  </TestLists>
  <TestEntries>
    <TestEntry testId="58bcc49e-6a7e-db33-9a7d-01dd0fd10633" executionId="fd2f497f-9eab-457a-b85f-b364ff2b6b31" testListId="8c84fa94-04c1-424b-9868-57a2d4851a1d" />
  </TestEntries>
  <Results>
    <UnitTestResult executionId="fd2f497f-9eab-457a-b85f-b364ff2b6b31" testId="58bcc49e-6a7e-db33-9a7d-01dd0fd10633" testName="TestFormatSize" computerName="TERATRON" duration="00:00:00.0930404" startTime="2011-04-20T11:17:14.1429723-07:00" endTime="2011-04-20T11:17:14.2939809-07:00" testType="13cdc9d9-ddb5-4fa4-a97d-d965ccfc6d4b" outcome="Passed" testListId="8c84fa94-04c1-424b-9868-57a2d4851a1d">
      <Output>
        <StdOut>FormatSize Test...
Value=38945345 formatted:0.00 MB
Value=48953 formatted:0.00 KB
Value=8293 formatted:0.00 KB
Value=920342 formatted:0.00 KB
using FormatSizes...
System.String[]</StdOut>
      </Output>
    </UnitTestResult>
  </Results>
</TestRun>