<?xml version="1.0" encoding="UTF-8"?>
<TestRun id="f69475ae-4eec-4617-8487-09dbc89aa73d" name="BC_Programming@TERATRON 2010-11-24 13:45:19" runUser="TERATRON\BC_Programming" xmlns="http://microsoft.com/schemas/VisualStudio/TeamTest/2006">
  <TestRunConfiguration name="Local Test Run" id="a23eb23f-c60a-4200-b6ee-a3fda6880aaf">
    <Description>This is a default test run configuration for a local test run.</Description>
    <Deployment runDeploymentRoot="C:\Users\BC_Programming\Documents\Visual Studio 2008\Projects\BASeBlocks\BBlocktests\bin\Release\TestResults\BC_Programming_TERATRON 2010-11-24 13_45_19" />
    <TestTypeSpecific />
  </TestRunConfiguration>
  <ResultSummary outcome="Completed">
    <Counters total="1" executed="1" passed="1" error="0" failed="0" timeout="0" aborted="0" inconclusive="0" passedButRunAborted="0" notRunnable="0" notExecuted="0" disconnected="0" warning="0" completed="0" inProgress="0" pending="0" />
  </ResultSummary>
  <Times creation="2010-11-24T13:45:19.8576784-08:00" queuing="2010-11-24T13:45:20.4327113-08:00" start="2010-11-24T13:45:20.5107158-08:00" finish="2010-11-24T13:45:20.7047269-08:00" />
  <TestDefinitions>
    <UnitTest name="TestLocalHighScores" storage="c:\users\bc_programming\documents\visual studio 2008\projects\baseblocks\bblocktests\bin\release\bblocktests.dll" id="84f114cb-7134-b2bb-24b7-d28c6c2a8e2a">
      <Css projectStructure="" iteration="" />
      <Execution timeOut="1800000" id="6734f03e-1b43-451a-aa6b-ec6414ee6026" />
      <Owners>
        <Owner name="" />
      </Owners>
      <TestMethod codeBase="C:/Users/BC_Programming/Documents/Visual Studio 2008/Projects/BASeBlocks/BBlocktests/bin/Release/BBlocktests.DLL" adapterTypeName="Microsoft.VisualStudio.TestTools.TestTypes.Unit.UnitTestAdapter, Microsoft.VisualStudio.QualityTools.Tips.UnitTest.Adapter" className="BBlocktests.BBlocktests, BBlocktests, Version=1.0.0.0, Culture=neutral, PublicKeyToken=null" name="TestLocalHighScores" />
    </UnitTest>
  </TestDefinitions>
  <TestLists>
    <TestList name="Results Not in a List" id="8c84fa94-04c1-424b-9868-57a2d4851a1d" />
    <TestList name="All Loaded Results" id="19431567-8539-422a-85d7-44ee4e166bda" />
  </TestLists>
  <TestEntries>
    <TestEntry testId="84f114cb-7134-b2bb-24b7-d28c6c2a8e2a" executionId="6734f03e-1b43-451a-aa6b-ec6414ee6026" testListId="8c84fa94-04c1-424b-9868-57a2d4851a1d" />
  </TestEntries>
  <Results>
    <UnitTestResult executionId="6734f03e-1b43-451a-aa6b-ec6414ee6026" testId="84f114cb-7134-b2bb-24b7-d28c6c2a8e2a" testName="TestLocalHighScores" computerName="TERATRON" duration="00:00:00.0577657" startTime="2010-11-24T13:45:20.5507181-08:00" endTime="2010-11-24T13:45:20.6667247-08:00" testType="13cdc9d9-ddb5-4fa4-a97d-d965ccfc6d4b" outcome="Passed" testListId="8c84fa94-04c1-424b-9868-57a2d4851a1d">
      <Output>
        <StdOut>Submitting score Name:Barry with score: 600
Submitting score Name:Billy with score: 200
Submitting score Name:Chuck with score: 400
Submitting score Name:Trish with score: 700
Submitting score Name:Bob with score: 250
Submitting score Name:Thomas with score: 320
Current Scores:
Entry:Trish,700
Entry:Barry,600
Entry:Chuck,400
Entry:Thomas,320
Entry:Bob,250
Entry:Billy,200
Serializing to File...
disposing existing object...
Deserializing new instance from saved copy...
Loaded Scores:
Entry:Trish,700
Entry:Barry,600
Entry:Chuck,400
Entry:Thomas,320
Entry:Bob,250
Entry:Billy,200
Testing "Eligible" routine...
IsEligible, Name=Billy, Score=210
return value:6
IsEligible, Name=Bob, Score=225
return value:-1
IsEligible, Name=BearLover, Score=400
return value:3
IsEligible, Name=Tickles, Score=54
return value:7</StdOut>
      </Output>
    </UnitTestResult>
  </Results>
</TestRun>