<?xml version="1.0" encoding="UTF-8"?>
<TestRun id="c959f4a1-3f09-4f4e-9de8-835f695ea287" name="BC_Programming@TERATRON 2010-11-24 13:44:14" runUser="TERATRON\BC_Programming" xmlns="http://microsoft.com/schemas/VisualStudio/TeamTest/2006">
  <TestRunConfiguration name="Local Test Run" id="a23eb23f-c60a-4200-b6ee-a3fda6880aaf">
    <Description>This is a default test run configuration for a local test run.</Description>
    <Deployment runDeploymentRoot="C:\Users\BC_Programming\Documents\Visual Studio 2008\Projects\BASeBlocks\BBlocktests\bin\Release\TestResults\BC_Programming_TERATRON 2010-11-24 13_44_14" />
    <TestTypeSpecific />
  </TestRunConfiguration>
  <ResultSummary outcome="Completed">
    <Counters total="1" executed="1" passed="1" error="0" failed="0" timeout="0" aborted="0" inconclusive="0" passedButRunAborted="0" notRunnable="0" notExecuted="0" disconnected="0" warning="0" completed="0" inProgress="0" pending="0" />
  </ResultSummary>
  <Times creation="2010-11-24T13:44:14.3429312-08:00" queuing="2010-11-24T13:44:14.9149639-08:00" start="2010-11-24T13:44:14.9909683-08:00" finish="2010-11-24T13:44:15.2039805-08:00" />
  <TestDefinitions>
    <UnitTest name="TestLocalHighScores" storage="c:\users\bc_programming\documents\visual studio 2008\projects\baseblocks\bblocktests\bin\release\bblocktests.dll" id="84f114cb-7134-b2bb-24b7-d28c6c2a8e2a">
      <Css projectStructure="" iteration="" />
      <Execution timeOut="1800000" id="c15dedf8-6bee-475e-bdf7-21c98bafafd5" />
      <Owners>
        <Owner name="" />
      </Owners>
      <TestMethod codeBase="C:/Users/BC_Programming/Documents/Visual Studio 2008/Projects/BASeBlocks/BBlocktests/bin/Release/BBlocktests.DLL" adapterTypeName="Microsoft.VisualStudio.TestTools.TestTypes.Unit.UnitTestAdapter, Microsoft.VisualStudio.QualityTools.Tips.UnitTest.Adapter" className="BBlocktests.BBlocktests, BBlocktests, Version=1.0.0.0, Culture=neutral, PublicKeyToken=null" name="TestLocalHighScores" />
    </UnitTest>
  </TestDefinitions>
  <TestLists>
    <TestList name="Results Not in a List" id="8c84fa94-04c1-424b-9868-57a2d4851a1d" />
    <TestList name="All Loaded Results" id="19431567-8539-422a-85d7-44ee4e166bda" />
  </TestLists>
  <TestEntries>
    <TestEntry testId="84f114cb-7134-b2bb-24b7-d28c6c2a8e2a" executionId="c15dedf8-6bee-475e-bdf7-21c98bafafd5" testListId="8c84fa94-04c1-424b-9868-57a2d4851a1d" />
  </TestEntries>
  <Results>
    <UnitTestResult executionId="c15dedf8-6bee-475e-bdf7-21c98bafafd5" testId="84f114cb-7134-b2bb-24b7-d28c6c2a8e2a" testName="TestLocalHighScores" computerName="TERATRON" duration="00:00:00.0775861" startTime="2010-11-24T13:44:15.0319706-08:00" endTime="2010-11-24T13:44:15.1669783-08:00" testType="13cdc9d9-ddb5-4fa4-a97d-d965ccfc6d4b" outcome="Passed" testListId="8c84fa94-04c1-424b-9868-57a2d4851a1d">
      <Output>
        <StdOut>Submitting score Name:Barry with score: 600
Submitting score Name:Billy with score: 200
Submitting score Name:Chuck with score: 400
Submitting score Name:Trish with score: 700
Submitting score Name:Bob with score: 250
Submitting score Name:Thomas with score: 320
Current Scores:
Entry:Trish,700
Entry:Barry,600
Entry:Chuck,400
Entry:Thomas,320
Entry:Bob,250
Entry:Billy,200
Serializing to File...
disposing existing object...
Deserializing new instance from saved copy...
Loaded Scores:
Entry:Trish,700
Entry:Barry,600
Entry:Chuck,400
Entry:Thomas,320
Entry:Bob,250
Entry:Billy,200
Testing "Eligible" routine...
IsEligible, Name={0}, Score={1}
return value:6
IsEligible, Name={0}, Score={1}
return value:-1
IsEligible, Name={0}, Score={1}
return value:3
IsEligible, Name={0}, Score={1}
return value:7</StdOut>
      </Output>
    </UnitTestResult>
  </Results>
</TestRun>