<?xml version="1.0" encoding="UTF-8"?>
<TestRun id="4d171eef-8236-4ca2-a8c4-e38f8bf43862" name="BC_Programming@TERATRON 2010-11-24 10:58:26" runUser="TERATRON\BC_Programming" xmlns="http://microsoft.com/schemas/VisualStudio/TeamTest/2006">
  <TestRunConfiguration name="Local Test Run" id="a23eb23f-c60a-4200-b6ee-a3fda6880aaf">
    <Description>This is a default test run configuration for a local test run.</Description>
    <Deployment runDeploymentRoot="C:\Users\BC_Programming\Documents\Visual Studio 2008\Projects\BASeBlocks\BBlocktests\bin\Release\TestResults\BC_Programming_TERATRON 2010-11-24 10_58_26" />
    <TestTypeSpecific />
  </TestRunConfiguration>
  <ResultSummary outcome="Failed">
    <Counters total="1" executed="1" error="0" failed="1" timeout="0" aborted="0" inconclusive="0" passedButRunAborted="0" notRunnable="0" notExecuted="0" disconnected="0" warning="0" passed="0" completed="0" inProgress="0" pending="0" />
  </ResultSummary>
  <Times creation="2010-11-24T10:58:26.6629565-08:00" queuing="2010-11-24T10:58:27.2859921-08:00" start="2010-11-24T10:58:27.4199998-08:00" finish="2010-11-24T10:58:27.7730200-08:00" />
  <TestDefinitions>
    <UnitTest name="TestLocalHiScores" storage="c:\users\bc_programming\documents\visual studio 2008\projects\baseblocks\bblocktests\bin\release\bblocktests.dll" id="bd10d4b7-ba71-216e-9b61-3ce8d18e4055">
      <Css projectStructure="" iteration="" />
      <Execution timeOut="1800000" id="463626f5-4570-4152-97cf-ad9b33136064" />
      <Owners>
        <Owner name="" />
      </Owners>
      <TestMethod codeBase="C:/Users/BC_Programming/Documents/Visual Studio 2008/Projects/BASeBlocks/BBlocktests/bin/Release/BBlocktests.DLL" adapterTypeName="Microsoft.VisualStudio.TestTools.TestTypes.Unit.UnitTestAdapter, Microsoft.VisualStudio.QualityTools.Tips.UnitTest.Adapter" className="BBlocktests.BBlocktests, BBlocktests, Version=1.0.0.0, Culture=neutral, PublicKeyToken=null" name="TestLocalHiScores" />
    </UnitTest>
  </TestDefinitions>
  <TestLists>
    <TestList name="Results Not in a List" id="8c84fa94-04c1-424b-9868-57a2d4851a1d" />
    <TestList name="All Loaded Results" id="19431567-8539-422a-85d7-44ee4e166bda" />
  </TestLists>
  <TestEntries>
    <TestEntry testId="bd10d4b7-ba71-216e-9b61-3ce8d18e4055" executionId="463626f5-4570-4152-97cf-ad9b33136064" testListId="8c84fa94-04c1-424b-9868-57a2d4851a1d" />
  </TestEntries>
  <Results>
    <UnitTestResult executionId="463626f5-4570-4152-97cf-ad9b33136064" testId="bd10d4b7-ba71-216e-9b61-3ce8d18e4055" testName="TestLocalHiScores" computerName="TERATRON" duration="00:00:00.2178428" startTime="2010-11-24T10:58:27.4610021-08:00" endTime="2010-11-24T10:58:27.7350178-08:00" testType="13cdc9d9-ddb5-4fa4-a97d-d965ccfc6d4b" outcome="Failed" testListId="8c84fa94-04c1-424b-9868-57a2d4851a1d">
      <Output>
        <StdOut>Submitting score name:Barry with score: 600
Submitting score name:Billy with score: 200
Submitting score name:Chuck with score: 400
Submitting score name:Trish with score: 700
Submitting score name:Bob with score: 100</StdOut>
        <ErrorInfo>
          <Message>Test method BBlocktests.BBlocktests.TestLocalHiScores threw exception:  System.ArgumentOutOfRangeException: Index was out of range. Must be non-negative and less than the size of the collection.
Parameter name: index.</Message>
          <StackTrace>    at System.ThrowHelper.ThrowArgumentOutOfRangeException(ExceptionArgument argument, ExceptionResource resource)
   at System.Collections.Generic.SortedList`2.GetByIndex(Int32 index)
   at System.Collections.Generic.SortedList`2.ValueList.get_Item(Int32 index)
   at bchiscores.LocalHiScores.&lt;GetScores&gt;d__0.MoveNext() in C:\Users\BC_Programming\Documents\Visual Studio 2008\Projects\BASeBlocks\Poing2\HiScores.cs:line 109
   at BBlocktests.BBlocktests.TestLocalHiScores() in C:\Users\BC_Programming\Documents\Visual Studio 2008\Projects\BASeBlocks\BBlocktests\BBlocktests.cs:line 90
</StackTrace>
        </ErrorInfo>
      </Output>
    </UnitTestResult>
  </Results>
</TestRun>