<?xml version="1.0" encoding="UTF-8"?>
<TestRun id="57cb245f-6968-4c9d-8c90-118edbbf1695" name="BC_Programming@TERATRON 2010-12-28 17:46:57" runUser="TERATRON\BC_Programming" xmlns="http://microsoft.com/schemas/VisualStudio/TeamTest/2006">
  <TestRunConfiguration name="Local Test Run" id="a23eb23f-c60a-4200-b6ee-a3fda6880aaf">
    <Description>This is a default test run configuration for a local test run.</Description>
    <Deployment runDeploymentRoot="C:\Users\BC_Programming\Documents\Visual Studio 2008\Projects\BASeBlocks\BBlocktests\bin\Release\TestResults\BC_Programming_TERATRON 2010-12-28 17_46_57" />
    <TestTypeSpecific />
  </TestRunConfiguration>
  <ResultSummary outcome="Completed">
    <Counters total="1" executed="1" passed="1" error="0" failed="0" timeout="0" aborted="0" inconclusive="0" passedButRunAborted="0" notRunnable="0" notExecuted="0" disconnected="0" warning="0" completed="0" inProgress="0" pending="0" />
  </ResultSummary>
  <Times creation="2010-12-28T17:46:57.2401122-08:00" queuing="2010-12-28T17:46:57.8281459-08:00" start="2010-12-28T17:46:57.9041502-08:00" finish="2010-12-28T17:46:58.6611935-08:00" />
  <TestDefinitions>
    <UnitTest name="TestUpdateClass" storage="c:\users\bc_programming\documents\visual studio 2008\projects\baseblocks\bblocktests\bin\release\bblocktests.dll" id="dbfee751-d657-0dc0-59d9-9abf89f99cda">
      <Css projectStructure="" iteration="" />
      <Execution timeOut="1800000" id="4bf5700c-0e94-4927-8692-609775394679" />
      <Owners>
        <Owner name="" />
      </Owners>
      <TestMethod codeBase="C:/Users/BC_Programming/Documents/Visual Studio 2008/Projects/BASeBlocks/BBlocktests/bin/Release/BBlocktests.DLL" adapterTypeName="Microsoft.VisualStudio.TestTools.TestTypes.Unit.UnitTestAdapter, Microsoft.VisualStudio.QualityTools.Tips.UnitTest.Adapter" className="BBlocktests.BBlocktests, BBlocktests, Version=1.0.0.0, Culture=neutral, PublicKeyToken=null" name="TestUpdateClass" />
    </UnitTest>
  </TestDefinitions>
  <TestLists>
    <TestList name="Results Not in a List" id="8c84fa94-04c1-424b-9868-57a2d4851a1d" />
    <TestList name="All Loaded Results" id="19431567-8539-422a-85d7-44ee4e166bda" />
  </TestLists>
  <TestEntries>
    <TestEntry testId="dbfee751-d657-0dc0-59d9-9abf89f99cda" executionId="4bf5700c-0e94-4927-8692-609775394679" testListId="8c84fa94-04c1-424b-9868-57a2d4851a1d" />
  </TestEntries>
  <Results>
    <UnitTestResult executionId="4bf5700c-0e94-4927-8692-609775394679" testId="dbfee751-d657-0dc0-59d9-9abf89f99cda" testName="TestUpdateClass" computerName="TERATRON" duration="00:00:00.6172283" startTime="2010-12-28T17:46:57.9451526-08:00" endTime="2010-12-28T17:46:58.6201912-08:00" testType="13cdc9d9-ddb5-4fa4-a97d-d965ccfc6d4b" outcome="Passed" testListId="8c84fa94-04c1-424b-9868-57a2d4851a1d">
      <Output>
        <StdOut>Update Name:BCSearch, URL=http://bc-programming.com/downloads/files/BCSearch.msi
Update Name:BCScript, URL=http://bc-programming.com/downloads/files/BCScript.msi
Update Name:BCStreams, URL=http://bc-programming.com/downloads/files/BCStreams.zip
Update Name:Poing, URL=http://bc-programming.com/downloads/poingsetup.msi
Update Name:Walls, URL=http://bc-programming.com/downloads/files/walls.msi
Update Name:BASeParser .NET, URL=http://bc-programming.com/downloads/files/BPNET.zip
Update Name:BCDodger, URL=http://bc-programming.com/downloads/files/bcdodger.zip</StdOut>
      </Output>
    </UnitTestResult>
  </Results>
</TestRun>