<?xml version="1.0" encoding="UTF-8"?>
<TestRun id="120b5cd8-dcf0-437d-9fd6-1c1109fc9234" name="BC_Programming@TERATRON 2011-05-10 05:20:49" runUser="TERATRON\BC_Programming" xmlns="http://microsoft.com/schemas/VisualStudio/TeamTest/2006">
  <TestRunConfiguration name="Local Test Run" id="a23eb23f-c60a-4200-b6ee-a3fda6880aaf">
    <Description>This is a default test run configuration for a local test run.</Description>
    <Deployment runDeploymentRoot="C:\Users\BC_Programming\Documents\Visual Studio 2008\Projects\BASeBlocks\BBlocktests\bin\Release\TestResults\BC_Programming_TERATRON 2011-05-10 05_20_49" />
    <TestTypeSpecific />
  </TestRunConfiguration>
  <ResultSummary outcome="Failed">
    <Counters total="1" executed="1" error="0" failed="1" timeout="0" aborted="0" inconclusive="0" passedButRunAborted="0" notRunnable="0" notExecuted="0" disconnected="0" warning="0" passed="0" completed="0" inProgress="0" pending="0" />
  </ResultSummary>
  <Times creation="2011-05-10T05:20:49.5520651-07:00" queuing="2011-05-10T05:20:50.2161031-07:00" start="2011-05-10T05:20:50.2981077-07:00" finish="2011-05-10T05:21:20.3888346-07:00" />
  <TestDefinitions>
    <UnitTest name="testserializeTriggers" storage="c:\users\bc_programming\documents\visual studio 2008\projects\baseblocks\bblocktests\bin\release\bblocktests.dll" id="6d68b797-173d-dff5-f219-a59bdbab2081">
      <Css projectStructure="" iteration="" />
      <Execution timeOut="1800000" id="0ac9c37a-8205-4c94-9ffc-ea9444a96790" />
      <Owners>
        <Owner name="" />
      </Owners>
      <TestMethod codeBase="C:/Users/BC_Programming/Documents/Visual Studio 2008/Projects/BASeBlocks/BBlocktests/bin/Release/BBlocktests.DLL" adapterTypeName="Microsoft.VisualStudio.TestTools.TestTypes.Unit.UnitTestAdapter, Microsoft.VisualStudio.QualityTools.Tips.UnitTest.Adapter" className="BBlocktests.BBlocktests, BBlocktests, Version=1.0.0.0, Culture=neutral, PublicKeyToken=null" name="testserializeTriggers" />
    </UnitTest>
  </TestDefinitions>
  <TestLists>
    <TestList name="Results Not in a List" id="8c84fa94-04c1-424b-9868-57a2d4851a1d" />
    <TestList name="All Loaded Results" id="19431567-8539-422a-85d7-44ee4e166bda" />
  </TestLists>
  <TestEntries>
    <TestEntry testId="6d68b797-173d-dff5-f219-a59bdbab2081" executionId="0ac9c37a-8205-4c94-9ffc-ea9444a96790" testListId="8c84fa94-04c1-424b-9868-57a2d4851a1d" />
  </TestEntries>
  <Results>
    <UnitTestResult executionId="0ac9c37a-8205-4c94-9ffc-ea9444a96790" testId="6d68b797-173d-dff5-f219-a59bdbab2081" testName="testserializeTriggers" computerName="TERATRON" duration="00:00:29.8675566" startTime="2011-05-10T05:20:50.3681118-07:00" endTime="2011-05-10T05:21:20.3218308-07:00" testType="13cdc9d9-ddb5-4fa4-a97d-d965ccfc6d4b" outcome="Failed" testListId="8c84fa94-04c1-424b-9868-57a2d4851a1d">
      <Output>
        <StdOut>Testing single serialization...
Testing list serialization...
0
1
2
3
4
5
6
7
8
9
10
11
12
13
14
15
16
17
18
19
20
21
22
23
24
25
26
27
28
29
30
31
32
33
34
35
36
37
38
39
40
41
42
43
44
45
46
47
48
49</StdOut>
        <ErrorInfo>
          <Message>Test method BBlocktests.BBlocktests.testserializeTriggers threw exception:  System.Reflection.TargetInvocationException: Exception has been thrown by the target of an invocation. ---&gt;  System.NullReferenceException: Object reference not set to an instance of an object..</Message>
          <StackTrace>    at BASeBlock.Block..ctor(SerializationInfo info, StreamingContext context) in C:\Users\BC_Programming\Documents\Visual Studio 2008\Projects\BASeBlocks\Poing2\Block.cs:line 438
   at BASeBlock.NormalBlock..ctor(SerializationInfo info, StreamingContext context) in C:\Users\BC_Programming\Documents\Visual Studio 2008\Projects\BASeBlocks\Poing2\Block.cs:line 1488
 --- End of inner exception stack trace ---
    at System.RuntimeMethodHandle._SerializationInvoke(Object target, SignatureStruct&amp; declaringTypeSig, SerializationInfo info, StreamingContext context)
   at System.Reflection.RuntimeConstructorInfo.SerializationInvoke(Object target, SerializationInfo info, StreamingContext context)
   at System.Runtime.Serialization.ObjectManager.CompleteISerializableObject(Object obj, SerializationInfo info, StreamingContext context)
   at System.Runtime.Serialization.ObjectManager.FixupSpecialObject(ObjectHolder holder)
   at System.Runtime.Serialization.ObjectManager.DoFixups()
   at System.Runtime.Serialization.Formatters.Binary.ObjectReader.Deserialize(HeaderHandler handler, __BinaryParser serParser, Boolean fCheck, Boolean isCrossAppDomain, IMethodCallMessage methodCallMessage)
   at System.Runtime.Serialization.Formatters.Binary.BinaryFormatter.Deserialize(Stream serializationStream, HeaderHandler handler, Boolean fCheck, Boolean isCrossAppDomain, IMethodCallMessage methodCallMessage)
   at System.Runtime.Serialization.Formatters.Binary.BinaryFormatter.Deserialize(Stream serializationStream)
   at BBlocktests.BBlocktests.testserializeTriggers() in C:\Users\BC_Programming\Documents\Visual Studio 2008\Projects\BASeBlocks\BBlocktests\BBlocktests.cs:line 133
</StackTrace>
        </ErrorInfo>
      </Output>
    </UnitTestResult>
  </Results>
</TestRun>