<?xml version="1.0" encoding="UTF-8"?>
<TestRun id="95464b04-1411-496d-a9db-10068510df62" name="BC_Programming@TERATRON 2010-11-24 10:52:17" runUser="TERATRON\BC_Programming" xmlns="http://microsoft.com/schemas/VisualStudio/TeamTest/2006">
  <TestRunConfiguration name="Local Test Run" id="a23eb23f-c60a-4200-b6ee-a3fda6880aaf">
    <Description>This is a default test run configuration for a local test run.</Description>
    <Deployment runDeploymentRoot="C:\Users\BC_Programming\Documents\Visual Studio 2008\Projects\BASeBlocks\BBlocktests\bin\Release\TestResults\BC_Programming_TERATRON 2010-11-24 10_52_17" />
    <TestTypeSpecific />
  </TestRunConfiguration>
  <ResultSummary outcome="Completed">
    <Counters total="1" executed="1" passed="1" error="0" failed="0" timeout="0" aborted="0" inconclusive="0" passedButRunAborted="0" notRunnable="0" notExecuted="0" disconnected="0" warning="0" completed="0" inProgress="0" pending="0" />
  </ResultSummary>
  <Times creation="2010-11-24T10:52:17.8328606-08:00" queuing="2010-11-24T10:52:18.4068934-08:00" start="2010-11-24T10:52:18.5038990-08:00" finish="2010-11-24T10:52:18.6999102-08:00" />
  <TestDefinitions>
    <UnitTest name="TestLocalHiScores" storage="c:\users\bc_programming\documents\visual studio 2008\projects\baseblocks\bblocktests\bin\release\bblocktests.dll" id="bd10d4b7-ba71-216e-9b61-3ce8d18e4055">
      <Css projectStructure="" iteration="" />
      <Execution timeOut="1800000" id="61abf287-4a8a-483a-8fe5-ac9e71fc56c7" />
      <Owners>
        <Owner name="" />
      </Owners>
      <TestMethod codeBase="C:/Users/BC_Programming/Documents/Visual Studio 2008/Projects/BASeBlocks/BBlocktests/bin/Release/BBlocktests.DLL" adapterTypeName="Microsoft.VisualStudio.TestTools.TestTypes.Unit.UnitTestAdapter, Microsoft.VisualStudio.QualityTools.Tips.UnitTest.Adapter" className="BBlocktests.BBlocktests, BBlocktests, Version=1.0.0.0, Culture=neutral, PublicKeyToken=null" name="TestLocalHiScores" />
    </UnitTest>
  </TestDefinitions>
  <TestLists>
    <TestList name="Results Not in a List" id="8c84fa94-04c1-424b-9868-57a2d4851a1d" />
    <TestList name="All Loaded Results" id="19431567-8539-422a-85d7-44ee4e166bda" />
  </TestLists>
  <TestEntries>
    <TestEntry testId="bd10d4b7-ba71-216e-9b61-3ce8d18e4055" executionId="61abf287-4a8a-483a-8fe5-ac9e71fc56c7" testListId="8c84fa94-04c1-424b-9868-57a2d4851a1d" />
  </TestEntries>
  <Results>
    <UnitTestResult executionId="61abf287-4a8a-483a-8fe5-ac9e71fc56c7" testId="bd10d4b7-ba71-216e-9b61-3ce8d18e4055" testName="TestLocalHiScores" computerName="TERATRON" duration="00:00:00.0603653" startTime="2010-11-24T10:52:18.5449013-08:00" endTime="2010-11-24T10:52:18.6619080-08:00" testType="13cdc9d9-ddb5-4fa4-a97d-d965ccfc6d4b" outcome="Passed" testListId="8c84fa94-04c1-424b-9868-57a2d4851a1d">
      <Output>
        <TextMessages>
          <Message>Submitting score name:Barry with score: 600</Message>
          <Message>Submitting score name:Billy with score: 200</Message>
          <Message>Submitting score name:Chuck with score: 400</Message>
          <Message>Submitting score name:Trish with score: 700</Message>
          <Message>Submitting score name:Bob with score: 100</Message>
          <Message>Entry:Bob,100</Message>
          <Message>Entry:Billy,200</Message>
          <Message>Entry:Chuck,400</Message>
          <Message>Entry:Barry,600</Message>
          <Message>Entry:Trish,700</Message>
        </TextMessages>
      </Output>
    </UnitTestResult>
  </Results>
</TestRun>