<?xml version="1.0" encoding="UTF-8"?>
<TestRun id="7cea8391-2c53-4875-80ed-42870c19b5ad" name="BC_Programming@TERATRON 2010-11-24 10:52:59" runUser="TERATRON\BC_Programming" xmlns="http://microsoft.com/schemas/VisualStudio/TeamTest/2006">
  <TestRunConfiguration name="Local Test Run" id="a23eb23f-c60a-4200-b6ee-a3fda6880aaf">
    <Description>This is a default test run configuration for a local test run.</Description>
    <Deployment runDeploymentRoot="C:\Users\BC_Programming\Documents\Visual Studio 2008\Projects\BASeBlocks\BBlocktests\bin\Release\TestResults\BC_Programming_TERATRON 2010-11-24 10_52_59" />
    <TestTypeSpecific />
  </TestRunConfiguration>
  <ResultSummary outcome="Completed">
    <Counters total="1" executed="1" passed="1" error="0" failed="0" timeout="0" aborted="0" inconclusive="0" passedButRunAborted="0" notRunnable="0" notExecuted="0" disconnected="0" warning="0" completed="0" inProgress="0" pending="0" />
  </ResultSummary>
  <Times creation="2010-11-24T10:52:59.1692249-08:00" queuing="2010-11-24T10:52:59.7512582-08:00" start="2010-11-24T10:52:59.8302627-08:00" finish="2010-11-24T10:53:00.0272740-08:00" />
  <TestDefinitions>
    <UnitTest name="TestLocalHiScores" storage="c:\users\bc_programming\documents\visual studio 2008\projects\baseblocks\bblocktests\bin\release\bblocktests.dll" id="bd10d4b7-ba71-216e-9b61-3ce8d18e4055">
      <Css projectStructure="" iteration="" />
      <Execution timeOut="1800000" id="718a41f4-78d1-4f43-b2ce-f727b36524aa" />
      <Owners>
        <Owner name="" />
      </Owners>
      <TestMethod codeBase="C:/Users/BC_Programming/Documents/Visual Studio 2008/Projects/BASeBlocks/BBlocktests/bin/Release/BBlocktests.DLL" adapterTypeName="Microsoft.VisualStudio.TestTools.TestTypes.Unit.UnitTestAdapter, Microsoft.VisualStudio.QualityTools.Tips.UnitTest.Adapter" className="BBlocktests.BBlocktests, BBlocktests, Version=1.0.0.0, Culture=neutral, PublicKeyToken=null" name="TestLocalHiScores" />
    </UnitTest>
  </TestDefinitions>
  <TestLists>
    <TestList name="Results Not in a List" id="8c84fa94-04c1-424b-9868-57a2d4851a1d" />
    <TestList name="All Loaded Results" id="19431567-8539-422a-85d7-44ee4e166bda" />
  </TestLists>
  <TestEntries>
    <TestEntry testId="bd10d4b7-ba71-216e-9b61-3ce8d18e4055" executionId="718a41f4-78d1-4f43-b2ce-f727b36524aa" testListId="8c84fa94-04c1-424b-9868-57a2d4851a1d" />
  </TestEntries>
  <Results>
    <UnitTestResult executionId="718a41f4-78d1-4f43-b2ce-f727b36524aa" testId="bd10d4b7-ba71-216e-9b61-3ce8d18e4055" testName="TestLocalHiScores" computerName="TERATRON" duration="00:00:00.0610092" startTime="2010-11-24T10:52:59.8712650-08:00" endTime="2010-11-24T10:52:59.9892718-08:00" testType="13cdc9d9-ddb5-4fa4-a97d-d965ccfc6d4b" outcome="Passed" testListId="8c84fa94-04c1-424b-9868-57a2d4851a1d">
      <Output>
        <StdOut>Submitting score name:Barry with score: 600
Submitting score name:Billy with score: 200
Submitting score name:Chuck with score: 400
Submitting score name:Trish with score: 700
Submitting score name:Bob with score: 100
Entry:Bob,100
Entry:Billy,200
Entry:Chuck,400
Entry:Barry,600
Entry:Trish,700</StdOut>
      </Output>
    </UnitTestResult>
  </Results>
</TestRun>