<?xml version="1.0" encoding="UTF-8"?>
<TestRun id="fc1083b0-3884-47b5-b64a-935d1e2a2719" name="BC_Programming@TERATRON 2010-11-30 11:31:04" runUser="TERATRON\BC_Programming" xmlns="http://microsoft.com/schemas/VisualStudio/TeamTest/2006">
  <TestRunConfiguration name="Local Test Run" id="a23eb23f-c60a-4200-b6ee-a3fda6880aaf">
    <Description>This is a default test run configuration for a local test run.</Description>
    <Deployment runDeploymentRoot="C:\Users\BC_Programming\Documents\Visual Studio 2008\Projects\BASeBlocks\BBlocktests\bin\Release\TestResults\BC_Programming_TERATRON 2010-11-30 11_31_04" />
    <TestTypeSpecific />
  </TestRunConfiguration>
  <ResultSummary outcome="Completed">
    <Counters total="1" executed="1" passed="1" error="0" failed="0" timeout="0" aborted="0" inconclusive="0" passedButRunAborted="0" notRunnable="0" notExecuted="0" disconnected="0" warning="0" completed="0" inProgress="0" pending="0" />
  </ResultSummary>
  <Times creation="2010-11-30T11:31:04.2848190-08:00" queuing="2010-11-30T11:31:04.8688524-08:00" start="2010-11-30T11:31:04.9448567-08:00" finish="2010-11-30T11:31:06.4539431-08:00" />
  <TestDefinitions>
    <UnitTest name="TestLocalHighScores" storage="c:\users\bc_programming\documents\visual studio 2008\projects\baseblocks\bblocktests\bin\release\bblocktests.dll" id="84f114cb-7134-b2bb-24b7-d28c6c2a8e2a">
      <Css projectStructure="" iteration="" />
      <Execution timeOut="1800000" id="46540160-679e-4769-a701-9f916eb60e28" />
      <Owners>
        <Owner name="" />
      </Owners>
      <TestMethod codeBase="C:/Users/BC_Programming/Documents/Visual Studio 2008/Projects/BASeBlocks/BBlocktests/bin/Release/BBlocktests.DLL" adapterTypeName="Microsoft.VisualStudio.TestTools.TestTypes.Unit.UnitTestAdapter, Microsoft.VisualStudio.QualityTools.Tips.UnitTest.Adapter" className="BBlocktests.BBlocktests, BBlocktests, Version=1.0.0.0, Culture=neutral, PublicKeyToken=null" name="TestLocalHighScores" />
    </UnitTest>
  </TestDefinitions>
  <TestLists>
    <TestList name="Results Not in a List" id="8c84fa94-04c1-424b-9868-57a2d4851a1d" />
    <TestList name="All Loaded Results" id="19431567-8539-422a-85d7-44ee4e166bda" />
  </TestLists>
  <TestEntries>
    <TestEntry testId="84f114cb-7134-b2bb-24b7-d28c6c2a8e2a" executionId="46540160-679e-4769-a701-9f916eb60e28" testListId="8c84fa94-04c1-424b-9868-57a2d4851a1d" />
  </TestEntries>
  <Results>
    <UnitTestResult executionId="46540160-679e-4769-a701-9f916eb60e28" testId="84f114cb-7134-b2bb-24b7-d28c6c2a8e2a" testName="TestLocalHighScores" computerName="TERATRON" duration="00:00:01.3728590" startTime="2010-11-30T11:31:04.9858591-08:00" endTime="2010-11-30T11:31:06.4159409-08:00" testType="13cdc9d9-ddb5-4fa4-a97d-d965ccfc6d4b" outcome="Passed" testListId="8c84fa94-04c1-424b-9868-57a2d4851a1d">
      <Output>
        <StdOut>Submitting score Name:Barry with score: 600
Submitting score Name:Billy with score: 200
Submitting score Name:Chuck with score: 400
Submitting score Name:Trish with score: 700
Submitting score Name:Bob with score: 250
Submitting score Name:Thomas with score: 320
Current Scores:
Testing "Eligible" routine...
IsEligible, Name=Billy, Score=210
return value:6
IsEligible, Name=Bob, Score=225
return value:-1
IsEligible, Name=BearLover, Score=400
return value:3
IsEligible, Name=Tickles, Score=54
return value:7</StdOut>
        <DebugTrace>loaded 0 scores.using URL GET Request:http://bc-programming.com/hiscore/hiscores.php?action=submit&amp;gameID=3&amp;name=Barry&amp;score=600&amp;hashvalue=15c40a2f13bc81ce40a6a418a3ce6a10
using URL GET Request:http://bc-programming.com/hiscore/hiscores.php?action=submit&amp;gameID=3&amp;name=Billy&amp;score=200&amp;hashvalue=a6f06670a23db8afa3a0214ba6dfbcf5
using URL GET Request:http://bc-programming.com/hiscore/hiscores.php?action=submit&amp;gameID=3&amp;name=Chuck&amp;score=400&amp;hashvalue=912a2a9cb522e557454bfd373171af44
using URL GET Request:http://bc-programming.com/hiscore/hiscores.php?action=submit&amp;gameID=3&amp;name=Trish&amp;score=700&amp;hashvalue=71e97977c8742022b21083dc4a4ed9c5
using URL GET Request:http://bc-programming.com/hiscore/hiscores.php?action=submit&amp;gameID=3&amp;name=Bob&amp;score=250&amp;hashvalue=96c56ee270c589d31bc95bf4cf19c9e9
using URL GET Request:http://bc-programming.com/hiscore/hiscores.php?action=submit&amp;gameID=3&amp;name=Thomas&amp;score=320&amp;hashvalue=d48f929e00103094dfcb9dc7037855fc
</DebugTrace>
      </Output>
    </UnitTestResult>
  </Results>
</TestRun>