<?xml version="1.0" encoding="UTF-8"?>
<TestRun id="16bcf008-7ff9-4e72-ad13-fda4a3ac970c" name="BC_Programming@TERATRON 2011-05-10 05:03:10" runUser="TERATRON\BC_Programming" xmlns="http://microsoft.com/schemas/VisualStudio/TeamTest/2006">
  <TestRunConfiguration name="Local Test Run" id="a23eb23f-c60a-4200-b6ee-a3fda6880aaf">
    <Description>This is a default test run configuration for a local test run.</Description>
    <Deployment runDeploymentRoot="C:\Users\BC_Programming\Documents\Visual Studio 2008\Projects\BASeBlocks\BBlocktests\bin\Release\TestResults\BC_Programming_TERATRON 2011-05-10 05_03_10" />
    <TestTypeSpecific />
  </TestRunConfiguration>
  <ResultSummary outcome="Completed">
    <Counters total="1" executed="1" passed="1" error="0" failed="0" timeout="0" aborted="0" inconclusive="0" passedButRunAborted="0" notRunnable="0" notExecuted="0" disconnected="0" warning="0" completed="0" inProgress="0" pending="0" />
  </ResultSummary>
  <Times creation="2011-05-10T05:03:10.0671618-07:00" queuing="2011-05-10T05:03:10.8652075-07:00" start="2011-05-10T05:03:10.9992151-07:00" finish="2011-05-10T05:04:15.8189326-07:00" />
  <TestDefinitions>
    <UnitTest name="testserializeTriggers" storage="c:\users\bc_programming\documents\visual studio 2008\projects\baseblocks\bblocktests\bin\release\bblocktests.dll" id="6d68b797-173d-dff5-f219-a59bdbab2081">
      <Css projectStructure="" iteration="" />
      <Execution timeOut="1800000" id="39012051-55ff-4368-b38c-7b9050cfaee6" />
      <Owners>
        <Owner name="" />
      </Owners>
      <TestMethod codeBase="C:/Users/BC_Programming/Documents/Visual Studio 2008/Projects/BASeBlocks/BBlocktests/bin/Release/BBlocktests.DLL" adapterTypeName="Microsoft.VisualStudio.TestTools.TestTypes.Unit.UnitTestAdapter, Microsoft.VisualStudio.QualityTools.Tips.UnitTest.Adapter" className="BBlocktests.BBlocktests, BBlocktests, Version=1.0.0.0, Culture=neutral, PublicKeyToken=null" name="testserializeTriggers" />
    </UnitTest>
  </TestDefinitions>
  <TestLists>
    <TestList name="Results Not in a List" id="8c84fa94-04c1-424b-9868-57a2d4851a1d" />
    <TestList name="All Loaded Results" id="19431567-8539-422a-85d7-44ee4e166bda" />
  </TestLists>
  <TestEntries>
    <TestEntry testId="6d68b797-173d-dff5-f219-a59bdbab2081" executionId="39012051-55ff-4368-b38c-7b9050cfaee6" testListId="8c84fa94-04c1-424b-9868-57a2d4851a1d" />
  </TestEntries>
  <Results>
    <UnitTestResult executionId="39012051-55ff-4368-b38c-7b9050cfaee6" testId="6d68b797-173d-dff5-f219-a59bdbab2081" testName="testserializeTriggers" computerName="TERATRON" duration="00:01:04.6012957" startTime="2011-05-10T05:03:11.1052212-07:00" endTime="2011-05-10T05:04:15.7719299-07:00" testType="13cdc9d9-ddb5-4fa4-a97d-d965ccfc6d4b" outcome="Passed" testListId="8c84fa94-04c1-424b-9868-57a2d4851a1d">
      <Output>
        <StdOut>Testing single serialization...</StdOut>
      </Output>
    </UnitTestResult>
  </Results>
</TestRun>