<?xml version="1.0" encoding="UTF-8"?>
<TestRun id="bad28e46-b604-41ab-a40d-d3a23cb3cea1" name="BC_Programming@TERATRON 2011-05-10 05:54:31" runUser="TERATRON\BC_Programming" xmlns="http://microsoft.com/schemas/VisualStudio/TeamTest/2006">
  <TestRunConfiguration name="Local Test Run" id="a23eb23f-c60a-4200-b6ee-a3fda6880aaf">
    <Description>This is a default test run configuration for a local test run.</Description>
    <Deployment runDeploymentRoot="C:\Users\BC_Programming\Documents\Visual Studio 2008\Projects\BASeBlocks\BBlocktests\bin\Release\TestResults\BC_Programming_TERATRON 2011-05-10 05_54_31" />
    <TestTypeSpecific />
  </TestRunConfiguration>
  <ResultSummary outcome="Completed">
    <Counters total="1" executed="1" passed="1" error="0" failed="0" timeout="0" aborted="0" inconclusive="0" passedButRunAborted="0" notRunnable="0" notExecuted="0" disconnected="0" warning="0" completed="0" inProgress="0" pending="0" />
  </ResultSummary>
  <Times creation="2011-05-10T05:54:31.4378185-07:00" queuing="2011-05-10T05:54:32.0408530-07:00" start="2011-05-10T05:54:32.1228577-07:00" finish="2011-05-10T05:54:32.3498706-07:00" />
  <TestDefinitions>
    <UnitTest name="testserializeTriggers" storage="c:\users\bc_programming\documents\visual studio 2008\projects\baseblocks\bblocktests\bin\release\bblocktests.dll" id="6d68b797-173d-dff5-f219-a59bdbab2081">
      <Css projectStructure="" iteration="" />
      <Execution timeOut="1800000" id="1a595d4e-1ba1-41b1-ab6c-48f20efdaa6c" />
      <Owners>
        <Owner name="" />
      </Owners>
      <TestMethod codeBase="C:/Users/BC_Programming/Documents/Visual Studio 2008/Projects/BASeBlocks/BBlocktests/bin/Release/BBlocktests.DLL" adapterTypeName="Microsoft.VisualStudio.TestTools.TestTypes.Unit.UnitTestAdapter, Microsoft.VisualStudio.QualityTools.Tips.UnitTest.Adapter" className="BBlocktests.BBlocktests, BBlocktests, Version=1.0.0.0, Culture=neutral, PublicKeyToken=null" name="testserializeTriggers" />
    </UnitTest>
  </TestDefinitions>
  <TestLists>
    <TestList name="Results Not in a List" id="8c84fa94-04c1-424b-9868-57a2d4851a1d" />
    <TestList name="All Loaded Results" id="19431567-8539-422a-85d7-44ee4e166bda" />
  </TestLists>
  <TestEntries>
    <TestEntry testId="6d68b797-173d-dff5-f219-a59bdbab2081" executionId="1a595d4e-1ba1-41b1-ab6c-48f20efdaa6c" testListId="8c84fa94-04c1-424b-9868-57a2d4851a1d" />
  </TestEntries>
  <Results>
    <UnitTestResult executionId="1a595d4e-1ba1-41b1-ab6c-48f20efdaa6c" testId="6d68b797-173d-dff5-f219-a59bdbab2081" testName="testserializeTriggers" computerName="TERATRON" duration="00:00:00.0872227" startTime="2011-05-10T05:54:32.1638600-07:00" endTime="2011-05-10T05:54:32.3108684-07:00" testType="13cdc9d9-ddb5-4fa4-a97d-d965ccfc6d4b" outcome="Passed" testListId="8c84fa94-04c1-424b-9868-57a2d4851a1d">
      <Output>
        <StdOut>Testing single serialization...
Testing list serialization...
0
1
2
3
4
5
6
7
8
9
10
11
12
13
14
15
16
17
18
19
20
21
22
23
24
25
26
27
28
29
30
31
32
33
34
35
36
37
38
39
40
41
42
43
44
45
46
47
48
49</StdOut>
      </Output>
    </UnitTestResult>
  </Results>
</TestRun>